{
  "stats": {
    "suites": 1,
    "tests": 1,
    "passes": 1,
    "pending": 0,
    "failures": 0,
    "start": "2022-09-15T17:04:19.135Z",
    "end": "2022-09-15T17:04:32.545Z",
    "duration": 13410,
    "testsRegistered": 1,
    "passPercent": 100,
    "pendingPercent": 0,
    "other": 0,
    "hasOther": false,
    "skipped": 0,
    "hasSkipped": false
  },
  "results": [
    {
      "uuid": "5372b277-dafd-4bd1-98b6-776690b7adcb",
      "title": "",
      "fullFile": "cypress/integration/MyStoreTests/MyStorePageTest.js",
      "file": "cypress/integration/MyStoreTests/MyStorePageTest.js",
      "beforeHooks": [],
      "afterHooks": [],
      "tests": [],
      "suites": [
        {
          "uuid": "272dd52c-7ab3-4413-b522-5087e9c4cdd6",
          "title": "MyStore Page Test",
          "fullFile": "",
          "file": "",
          "beforeHooks": [],
          "afterHooks": [],
          "tests": [
            {
              "title": "My Store Page Validation",
              "fullTitle": "MyStore Page Test My Store Page Validation",
              "timedOut": null,
              "duration": 9861,
              "state": "passed",
              "speed": "medium",
              "pass": true,
              "fail": false,
              "pending": false,
              "context": null,
              "code": "const myStorePage = new _MyStorePage.default();\nmyStorePage.urlValidate();\nmyStorePage.validateTitlePage();\nmyStorePage.popularProducts();\nmyStorePage.productNames();\nmyStorePage.validateName();\nmyStorePage.bestSellers();\nmyStorePage.footerContactInfo();",
              "err": {},
              "uuid": "c8dd6809-d8d0-41ee-bd1d-73d5a9f65cf0",
              "parentUUID": "272dd52c-7ab3-4413-b522-5087e9c4cdd6",
              "isHook": false,
              "skipped": false
            }
          ],
          "suites": [],
          "passes": [
            "c8dd6809-d8d0-41ee-bd1d-73d5a9f65cf0"
          ],
          "failures": [],
          "pending": [],
          "skipped": [],
          "duration": 9861,
          "root": false,
          "rootEmpty": false,
          "_timeout": 2000
        }
      ],
      "passes": [],
      "failures": [],
      "pending": [],
      "skipped": [],
      "duration": 0,
      "root": true,
      "rootEmpty": true,
      "_timeout": 2000
    }
  ],
  "meta": {
    "mocha": {
      "version": "7.0.1"
    },
    "mochawesome": {
      "options": {
        "quiet": false,
        "reportFilename": "mochawesome",
        "saveHtml": true,
        "saveJson": true,
        "consoleReporter": "spec",
        "useInlineDiffs": false,
        "code": true
      },
      "version": "7.1.3"
    },
    "marge": {
      "options": null,
      "version": "6.2.0"
    }
  }
}